# JRE version: OpenJDK Runtime Environment Temurin-17.0.12+7 (17.0.12+7) (build 17.0.12+7)
# Java VM: OpenJDK 64-Bit Server VM Temurin-17.0.12+7 (17.0.12+7, mixed mode, tiered, compressed oops, compressed class ptrs, parallel gc, windows-amd64)
GC Precious Log:
 CPUs: 8 total, 8 available
 Memory: 7991M
 Large Page Support: Disabled
 NUMA Support: Disabled
 Compressed Oops: Enabled (32-bit)
 Alignments: Space 512K, Generation 512K, Heap 2M
 Heap Min Capacity: 100M
 Heap Initial Capacity: 100M
 Heap Max Capacity: 1G
 Pre-touch: Disabled
 Parallel Workers: 8
Heap:
 PSYoungGen      total 12288K, used 5012K [0x00000000eab00000, 0x00000000ebf00000, 0x0000000100000000)
  eden space 5632K, 2% used [0x00000000eab00000,0x00000000eab23600,0x00000000eb080000)
  from space 6656K, 73% used [0x00000000eb080000,0x00000000eb541a58,0x00000000eb700000)
  to   space 7168K, 0% used [0x00000000eb800000,0x00000000eb800000,0x00000000ebf00000)
 ParOldGen       total 323584K, used 293558K [0x00000000c0000000, 0x00000000d3c00000, 0x00000000eab00000)
  object space 323584K, 90% used [0x00000000c0000000,0x00000000d1ead998,0x00000000d3c00000)
 Metaspace       used 66015K, committed 67328K, reserved 1114112K
  class space    used 7050K, committed 7616K, reserved 1048576K
GC Heap History (20 events):
Event: 58.278 GC heap before
{Heap before GC invocations=296 (full 12):
 PSYoungGen      total 14336K, used 13666K [0x00000000eab00000, 0x00000000ebf80000, 0x0000000100000000)
  eden space 8704K, 99% used [0x00000000eab00000,0x00000000eb379948,0x00000000eb380000)
  from space 5632K, 88% used [0x00000000eba00000,0x00000000ebedf188,0x00000000ebf80000)
  to   space 6144K, 0% used [0x00000000eb380000,0x00000000eb380000,0x00000000eb980000)
 ParOldGen       total 280576K, used 275337K [0x00000000c0000000, 0x00000000d1200000, 0x00000000eab00000)
  object space 280576K, 98% used [0x00000000c0000000,0x00000000d0ce27a8,0x00000000d1200000)
 Metaspace       used 64782K, committed 66176K, reserved 1114112K
  class space    used 6913K, committed 7488K, reserved 1048576K
}
Event: 58.281 GC heap after
{Heap after GC invocations=296 (full 12):
 PSYoungGen      total 14848K, used 5790K [0x00000000eab00000, 0x00000000ec080000, 0x0000000100000000)
  eden space 8704K, 0% used [0x00000000eab00000,0x00000000eab00000,0x00000000eb380000)
  from space 6144K, 94% used [0x00000000eb380000,0x00000000eb9278f8,0x00000000eb980000)
  to   space 6144K, 0% used [0x00000000eba80000,0x00000000eba80000,0x00000000ec080000)
 ParOldGen       total 280576K, used 277366K [0x00000000c0000000, 0x00000000d1200000, 0x00000000eab00000)
  object space 280576K, 98% used [0x00000000c0000000,0x00000000d0edd9a0,0x00000000d1200000)
 Metaspace       used 64782K, committed 66176K, reserved 1114112K
  class space    used 6913K, committed 7488K, reserved 1048576K
}
Event: 58.304 GC heap before
{Heap before GC invocations=297 (full 12):
 PSYoungGen      total 14848K, used 14494K [0x00000000eab00000, 0x00000000ec080000, 0x0000000100000000)
  eden space 8704K, 100% used [0x00000000eab00000,0x00000000eb380000,0x00000000eb380000)
  from space 6144K, 94% used [0x00000000eb380000,0x00000000eb9278f8,0x00000000eb980000)
  to   space 6144K, 0% used [0x00000000eba80000,0x00000000eba80000,0x00000000ec080000)
 ParOldGen       total 280576K, used 277366K [0x00000000c0000000, 0x00000000d1200000, 0x00000000eab00000)
  object space 280576K, 98% used [0x00000000c0000000,0x00000000d0edd9a0,0x00000000d1200000)
 Metaspace       used 64830K, committed 66176K, reserved 1114112K
  class space    used 6914K, committed 7488K, reserved 1048576K
}
Event: 58.308 GC heap after
{Heap after GC invocations=297 (full 12):
 PSYoungGen      total 11776K, used 6142K [0x00000000eab00000, 0x00000000ec880000, 0x0000000100000000)
  eden space 5632K, 0% used [0x00000000eab00000,0x00000000eab00000,0x00000000eb080000)
  from space 6144K, 99% used [0x00000000eba80000,0x00000000ec07f9b8,0x00000000ec080000)
  to   space 10240K, 0% used [0x00000000eb080000,0x00000000eb080000,0x00000000eba80000)
 ParOldGen       total 280576K, used 280443K [0x00000000c0000000, 0x00000000d1200000, 0x00000000eab00000)
  object space 280576K, 99% used [0x00000000c0000000,0x00000000d11dec48,0x00000000d1200000)
 Metaspace       used 64830K, committed 66176K, reserved 1114112K
  class space    used 6914K, committed 7488K, reserved 1048576K
}
Event: 58.308 GC heap before
{Heap before GC invocations=298 (full 13):
 PSYoungGen      total 11776K, used 6142K [0x00000000eab00000, 0x00000000ec880000, 0x0000000100000000)
  eden space 5632K, 0% used [0x00000000eab00000,0x00000000eab00000,0x00000000eb080000)
  from space 6144K, 99% used [0x00000000eba80000,0x00000000ec07f9b8,0x00000000ec080000)
  to   space 10240K, 0% used [0x00000000eb080000,0x00000000eb080000,0x00000000eba80000)
 ParOldGen       total 280576K, used 280443K [0x00000000c0000000, 0x00000000d1200000, 0x00000000eab00000)
  object space 280576K, 99% used [0x00000000c0000000,0x00000000d11dec48,0x00000000d1200000)
 Metaspace       used 64830K, committed 66176K, reserved 1114112K
  class space    used 6914K, committed 7488K, reserved 1048576K
}
Event: 58.663 GC heap after
{Heap after GC invocations=298 (full 13):
 PSYoungGen      total 11776K, used 1955K [0x00000000eab00000, 0x00000000ec580000, 0x0000000100000000)
  eden space 5632K, 0% used [0x00000000eab00000,0x00000000eab00000,0x00000000eb080000)
  from space 6144K, 31% used [0x00000000eba80000,0x00000000ebc68d40,0x00000000ec080000)
  to   space 10240K, 0% used [0x00000000eb080000,0x00000000eb080000,0x00000000eba80000)
 ParOldGen       total 323584K, used 280271K [0x00000000c0000000, 0x00000000d3c00000, 0x00000000eab00000)
  object space 323584K, 86% used [0x00000000c0000000,0x00000000d11b3ef0,0x00000000d3c00000)
 Metaspace       used 64830K, committed 66176K, reserved 1114112K
  class space    used 6914K, committed 7488K, reserved 1048576K
}
Event: 58.674 GC heap before
{Heap before GC invocations=299 (full 13):
 PSYoungGen      total 11776K, used 7587K [0x00000000eab00000, 0x00000000ec580000, 0x0000000100000000)
  eden space 5632K, 100% used [0x00000000eab00000,0x00000000eb080000,0x00000000eb080000)
  from space 6144K, 31% used [0x00000000eba80000,0x00000000ebc68d40,0x00000000ec080000)
  to   space 10240K, 0% used [0x00000000eb080000,0x00000000eb080000,0x00000000eba80000)
 ParOldGen       total 323584K, used 280271K [0x00000000c0000000, 0x00000000d3c00000, 0x00000000eab00000)
  object space 323584K, 86% used [0x00000000c0000000,0x00000000d11b3ef0,0x00000000d3c00000)
 Metaspace       used 64856K, committed 66240K, reserved 1114112K
  class space    used 6915K, committed 7488K, reserved 1048576K
}
Event: 58.703 GC heap after
{Heap after GC invocations=299 (full 13):
 PSYoungGen      total 8704K, used 2844K [0x00000000eab00000, 0x00000000ebc80000, 0x0000000100000000)
  eden space 5632K, 0% used [0x00000000eab00000,0x00000000eab00000,0x00000000eb080000)
  from space 3072K, 92% used [0x00000000eb080000,0x00000000eb347000,0x00000000eb380000)
  to   space 5632K, 0% used [0x00000000eb700000,0x00000000eb700000,0x00000000ebc80000)
 ParOldGen       total 323584K, used 281441K [0x00000000c0000000, 0x00000000d3c00000, 0x00000000eab00000)
  object space 323584K, 86% used [0x00000000c0000000,0x00000000d12d87e0,0x00000000d3c00000)
 Metaspace       used 64856K, committed 66240K, reserved 1114112K
  class space    used 6915K, committed 7488K, reserved 1048576K
}
Event: 58.747 GC heap before
{Heap before GC invocations=300 (full 13):
 PSYoungGen      total 8704K, used 8476K [0x00000000eab00000, 0x00000000ebc80000, 0x0000000100000000)
  eden space 5632K, 100% used [0x00000000eab00000,0x00000000eb080000,0x00000000eb080000)
  from space 3072K, 92% used [0x00000000eb080000,0x00000000eb347000,0x00000000eb380000)
  to   space 5632K, 0% used [0x00000000eb700000,0x00000000eb700000,0x00000000ebc80000)
 ParOldGen       total 323584K, used 281441K [0x00000000c0000000, 0x00000000d3c00000, 0x00000000eab00000)
  object space 323584K, 86% used [0x00000000c0000000,0x00000000d12d87e0,0x00000000d3c00000)
 Metaspace       used 64878K, committed 66240K, reserved 1114112K
  class space    used 6917K, committed 7488K, reserved 1048576K
}
Event: 58.751 GC heap after
{Heap after GC invocations=300 (full 13):
 PSYoungGen      total 11264K, used 4465K [0x00000000eab00000, 0x00000000ebb80000, 0x0000000100000000)
  eden space 6656K, 0% used [0x00000000eab00000,0x00000000eab00000,0x00000000eb180000)
  from space 4608K, 96% used [0x00000000eb700000,0x00000000ebb5c5e8,0x00000000ebb80000)
  to   space 5120K, 0% used [0x00000000eb180000,0x00000000eb180000,0x00000000eb680000)
 ParOldGen       total 323584K, used 281441K [0x00000000c0000000, 0x00000000d3c00000, 0x00000000eab00000)
  object space 323584K, 86% used [0x00000000c0000000,0x00000000d12d87e0,0x00000000d3c00000)
 Metaspace       used 64878K, committed 66240K, reserved 1114112K
  class space    used 6917K, committed 7488K, reserved 1048576K
}
Event: 58.837 GC heap before
{Heap before GC invocations=301 (full 13):
 PSYoungGen      total 11264K, used 11106K [0x00000000eab00000, 0x00000000ebb80000, 0x0000000100000000)
  eden space 6656K, 99% used [0x00000000eab00000,0x00000000eb17c340,0x00000000eb180000)
  from space 4608K, 96% used [0x00000000eb700000,0x00000000ebb5c5e8,0x00000000ebb80000)
  to   space 5120K, 0% used [0x00000000eb180000,0x00000000eb180000,0x00000000eb680000)
 ParOldGen       total 323584K, used 281441K [0x00000000c0000000, 0x00000000d3c00000, 0x00000000eab00000)
  object space 323584K, 86% used [0x00000000c0000000,0x00000000d12d87e0,0x00000000d3c00000)
 Metaspace       used 65308K, committed 66688K, reserved 1114112K
  class space    used 6969K, committed 7552K, reserved 1048576K
}
Event: 58.840 GC heap after
{Heap after GC invocations=301 (full 13):
 PSYoungGen      total 11776K, used 4933K [0x00000000eab00000, 0x00000000ebc00000, 0x0000000100000000)
  eden space 6656K, 0% used [0x00000000eab00000,0x00000000eab00000,0x00000000eb180000)
  from space 5120K, 96% used [0x00000000eb180000,0x00000000eb6514b0,0x00000000eb680000)
  to   space 5120K, 0% used [0x00000000eb700000,0x00000000eb700000,0x00000000ebc00000)
 ParOldGen       total 323584K, used 281441K [0x00000000c0000000, 0x00000000d3c00000, 0x00000000eab00000)
  object space 323584K, 86% used [0x00000000c0000000,0x00000000d12d87e0,0x00000000d3c00000)
 Metaspace       used 65308K, committed 66688K, reserved 1114112K
  class space    used 6969K, committed 7552K, reserved 1048576K
}
Event: 58.881 GC heap before
{Heap before GC invocations=302 (full 13):
 PSYoungGen      total 11776K, used 11587K [0x00000000eab00000, 0x00000000ebc00000, 0x0000000100000000)
  eden space 6656K, 99% used [0x00000000eab00000,0x00000000eb17fac0,0x00000000eb180000)
  from space 5120K, 96% used [0x00000000eb180000,0x00000000eb6514b0,0x00000000eb680000)
  to   space 5120K, 0% used [0x00000000eb700000,0x00000000eb700000,0x00000000ebc00000)
 ParOldGen       total 323584K, used 281441K [0x00000000c0000000, 0x00000000d3c00000, 0x00000000eab00000)
  object space 323584K, 86% used [0x00000000c0000000,0x00000000d12d87e0,0x00000000d3c00000)
 Metaspace       used 65447K, committed 66816K, reserved 1114112K
  class space    used 6998K, committed 7616K, reserved 1048576K
}
Event: 58.884 GC heap after
{Heap after GC invocations=302 (full 13):
 PSYoungGen      total 10752K, used 5101K [0x00000000eab00000, 0x00000000ebf00000, 0x0000000100000000)
  eden space 5632K, 0% used [0x00000000eab00000,0x00000000eab00000,0x00000000eb080000)
  from space 5120K, 99% used [0x00000000eb700000,0x00000000ebbfb498,0x00000000ebc00000)
  to   space 6656K, 0% used [0x00000000eb080000,0x00000000eb080000,0x00000000eb700000)
 ParOldGen       total 323584K, used 282624K [0x00000000c0000000, 0x00000000d3c00000, 0x00000000eab00000)
  object space 323584K, 87% used [0x00000000c0000000,0x00000000d1400280,0x00000000d3c00000)
 Metaspace       used 65447K, committed 66816K, reserved 1114112K
  class space    used 6998K, committed 7616K, reserved 1048576K
}
Event: 58.910 GC heap before
{Heap before GC invocations=303 (full 13):
 PSYoungGen      total 10752K, used 10733K [0x00000000eab00000, 0x00000000ebf00000, 0x0000000100000000)
  eden space 5632K, 100% used [0x00000000eab00000,0x00000000eb080000,0x00000000eb080000)
  from space 5120K, 99% used [0x00000000eb700000,0x00000000ebbfb498,0x00000000ebc00000)
  to   space 6656K, 0% used [0x00000000eb080000,0x00000000eb080000,0x00000000eb700000)
 ParOldGen       total 323584K, used 282624K [0x00000000c0000000, 0x00000000d3c00000, 0x00000000eab00000)
  object space 323584K, 87% used [0x00000000c0000000,0x00000000d1400280,0x00000000d3c00000)
 Metaspace       used 65498K, committed 66880K, reserved 1114112K
  class space    used 7004K, committed 7616K, reserved 1048576K
}
Event: 58.913 GC heap after
{Heap after GC invocations=303 (full 13):
 PSYoungGen      total 12288K, used 4973K [0x00000000eab00000, 0x00000000ebc80000, 0x0000000100000000)
  eden space 5632K, 0% used [0x00000000eab00000,0x00000000eab00000,0x00000000eb080000)
  from space 6656K, 74% used [0x00000000eb080000,0x00000000eb55b5f0,0x00000000eb700000)
  to   space 5632K, 0% used [0x00000000eb700000,0x00000000eb700000,0x00000000ebc80000)
 ParOldGen       total 323584K, used 284698K [0x00000000c0000000, 0x00000000d3c00000, 0x00000000eab00000)
  object space 323584K, 87% used [0x00000000c0000000,0x00000000d1606848,0x00000000d3c00000)
 Metaspace       used 65498K, committed 66880K, reserved 1114112K
  class space    used 7004K, committed 7616K, reserved 1048576K
}
Event: 58.971 GC heap before
{Heap before GC invocations=304 (full 13):
 PSYoungGen      total 12288K, used 10605K [0x00000000eab00000, 0x00000000ebc80000, 0x0000000100000000)
  eden space 5632K, 100% used [0x00000000eab00000,0x00000000eb080000,0x00000000eb080000)
  from space 6656K, 74% used [0x00000000eb080000,0x00000000eb55b5f0,0x00000000eb700000)
  to   space 5632K, 0% used [0x00000000eb700000,0x00000000eb700000,0x00000000ebc80000)
 ParOldGen       total 323584K, used 284698K [0x00000000c0000000, 0x00000000d3c00000, 0x00000000eab00000)
  object space 323584K, 87% used [0x00000000c0000000,0x00000000d1606848,0x00000000d3c00000)
 Metaspace       used 65511K, committed 66880K, reserved 1114112K
  class space    used 7005K, committed 7616K, reserved 1048576K
}
Event: 58.974 GC heap after
{Heap after GC invocations=304 (full 13):
 PSYoungGen      total 11264K, used 5620K [0x00000000eab00000, 0x00000000ebe00000, 0x0000000100000000)
  eden space 5632K, 0% used [0x00000000eab00000,0x00000000eab00000,0x00000000eb080000)
  from space 5632K, 99% used [0x00000000eb700000,0x00000000ebc7d398,0x00000000ebc80000)
  to   space 6656K, 0% used [0x00000000eb080000,0x00000000eb080000,0x00000000eb700000)
 ParOldGen       total 323584K, used 285387K [0x00000000c0000000, 0x00000000d3c00000, 0x00000000eab00000)
  object space 323584K, 88% used [0x00000000c0000000,0x00000000d16b2f90,0x00000000d3c00000)
 Metaspace       used 65511K, committed 66880K, reserved 1114112K
  class space    used 7005K, committed 7616K, reserved 1048576K
}
Event: 58.997 GC heap before
{Heap before GC invocations=305 (full 13):
 PSYoungGen      total 11264K, used 10866K [0x00000000eab00000, 0x00000000ebe00000, 0x0000000100000000)
  eden space 5632K, 93% used [0x00000000eab00000,0x00000000eb01f480,0x00000000eb080000)
  from space 5632K, 99% used [0x00000000eb700000,0x00000000ebc7d398,0x00000000ebc80000)
  to   space 6656K, 0% used [0x00000000eb080000,0x00000000eb080000,0x00000000eb700000)
 ParOldGen       total 323584K, used 285387K [0x00000000c0000000, 0x00000000d3c00000, 0x00000000eab00000)
  object space 323584K, 88% used [0x00000000c0000000,0x00000000d16b2f90,0x00000000d3c00000)
 Metaspace       used 65536K, committed 66944K, reserved 1114112K
  class space    used 7005K, committed 7616K, reserved 1048576K
}
Event: 58.999 GC heap after
{Heap after GC invocations=305 (full 13):
 PSYoungGen      total 12288K, used 5981K [0x00000000eab00000, 0x00000000ebd00000, 0x0000000100000000)
  eden space 5632K, 0% used [0x00000000eab00000,0x00000000eab00000,0x00000000eb080000)
  from space 6656K, 89% used [0x00000000eb080000,0x00000000eb6577c0,0x00000000eb700000)
  to   space 6144K, 0% used [0x00000000eb700000,0x00000000eb700000,0x00000000ebd00000)
 ParOldGen       total 323584K, used 286452K [0x00000000c0000000, 0x00000000d3c00000, 0x00000000eab00000)
  object space 323584K, 88% used [0x00000000c0000000,0x00000000d17bd3a0,0x00000000d3c00000)
 Metaspace       used 65536K, committed 66944K, reserved 1114112K
  class space    used 7005K, committed 7616K, reserved 1048576K
}

