# JRE version: OpenJDK Runtime Environment Temurin-17.0.12+7 (17.0.12+7) (build 17.0.12+7)
# Java VM: OpenJDK 64-Bit Server VM Temurin-17.0.12+7 (17.0.12+7, mixed mode, tiered, compressed oops, compressed class ptrs, parallel gc, windows-amd64)
GC Precious Log:
 CPUs: 8 total, 8 available
 Memory: 7991M
 Large Page Support: Disabled
 NUMA Support: Disabled
 Compressed Oops: Enabled (32-bit)
 Alignments: Space 512K, Generation 512K, Heap 2M
 Heap Min Capacity: 100M
 Heap Initial Capacity: 100M
 Heap Max Capacity: 1G
 Pre-touch: Disabled
 Parallel Workers: 8
Heap:
 PSYoungGen      total 6656K, used 4054K [0x00000000eab00000, 0x00000000eb700000, 0x0000000100000000)
  eden space 5120K, 49% used [0x00000000eab00000,0x00000000ead783e0,0x00000000eb000000)
  from space 1536K, 99% used [0x00000000eb380000,0x00000000eb4fd620,0x00000000eb500000)
  to   space 3584K, 0% used [0x00000000eb000000,0x00000000eb000000,0x00000000eb380000)
 ParOldGen       total 170496K, used 167819K [0x00000000c0000000, 0x00000000ca680000, 0x00000000eab00000)
  object space 170496K, 98% used [0x00000000c0000000,0x00000000ca3e2f60,0x00000000ca680000)
 Metaspace       used 68721K, committed 70016K, reserved 1114112K
  class space    used 7159K, committed 7744K, reserved 1048576K
GC Heap History (20 events):
Event: 26.854 GC heap before
{Heap before GC invocations=469 (full 12):
 PSYoungGen      total 10752K, used 10752K [0x00000000eab00000, 0x00000000ebb00000, 0x0000000100000000)
  eden space 9216K, 100% used [0x00000000eab00000,0x00000000eb400000,0x00000000eb400000)
  from space 1536K, 100% used [0x00000000eb480000,0x00000000eb600000,0x00000000eb600000)
  to   space 3584K, 0% used [0x00000000eb780000,0x00000000eb780000,0x00000000ebb00000)
 ParOldGen       total 170496K, used 148617K [0x00000000c0000000, 0x00000000ca680000, 0x00000000eab00000)
  object space 170496K, 87% used [0x00000000c0000000,0x00000000c91227a8,0x00000000ca680000)
 Metaspace       used 68559K, committed 69824K, reserved 1114112K
  class space    used 7156K, committed 7744K, reserved 1048576K
}
Event: 26.860 GC heap after
{Heap after GC invocations=469 (full 12):
 PSYoungGen      total 11776K, used 1364K [0x00000000eab00000, 0x00000000eb900000, 0x0000000100000000)
  eden space 10240K, 0% used [0x00000000eab00000,0x00000000eab00000,0x00000000eb500000)
  from space 1536K, 88% used [0x00000000eb780000,0x00000000eb8d50c8,0x00000000eb900000)
  to   space 2048K, 0% used [0x00000000eb500000,0x00000000eb500000,0x00000000eb700000)
 ParOldGen       total 170496K, used 150166K [0x00000000c0000000, 0x00000000ca680000, 0x00000000eab00000)
  object space 170496K, 88% used [0x00000000c0000000,0x00000000c92a5838,0x00000000ca680000)
 Metaspace       used 68559K, committed 69824K, reserved 1114112K
  class space    used 7156K, committed 7744K, reserved 1048576K
}
Event: 26.938 GC heap before
{Heap before GC invocations=470 (full 12):
 PSYoungGen      total 11776K, used 11604K [0x00000000eab00000, 0x00000000eb900000, 0x0000000100000000)
  eden space 10240K, 100% used [0x00000000eab00000,0x00000000eb500000,0x00000000eb500000)
  from space 1536K, 88% used [0x00000000eb780000,0x00000000eb8d50c8,0x00000000eb900000)
  to   space 2048K, 0% used [0x00000000eb500000,0x00000000eb500000,0x00000000eb700000)
 ParOldGen       total 170496K, used 150166K [0x00000000c0000000, 0x00000000ca680000, 0x00000000eab00000)
  object space 170496K, 88% used [0x00000000c0000000,0x00000000c92a5838,0x00000000ca680000)
 Metaspace       used 68610K, committed 69888K, reserved 1114112K
  class space    used 7156K, committed 7744K, reserved 1048576K
}
Event: 26.942 GC heap after
{Heap after GC invocations=470 (full 12):
 PSYoungGen      total 12288K, used 1905K [0x00000000eab00000, 0x00000000eb900000, 0x0000000100000000)
  eden space 10240K, 0% used [0x00000000eab00000,0x00000000eab00000,0x00000000eb500000)
  from space 2048K, 93% used [0x00000000eb500000,0x00000000eb6dc6f8,0x00000000eb700000)
  to   space 2048K, 0% used [0x00000000eb700000,0x00000000eb700000,0x00000000eb900000)
 ParOldGen       total 170496K, used 153109K [0x00000000c0000000, 0x00000000ca680000, 0x00000000eab00000)
  object space 170496K, 89% used [0x00000000c0000000,0x00000000c95855f0,0x00000000ca680000)
 Metaspace       used 68610K, committed 69888K, reserved 1114112K
  class space    used 7156K, committed 7744K, reserved 1048576K
}
Event: 26.985 GC heap before
{Heap before GC invocations=471 (full 12):
 PSYoungGen      total 12288K, used 12145K [0x00000000eab00000, 0x00000000eb900000, 0x0000000100000000)
  eden space 10240K, 100% used [0x00000000eab00000,0x00000000eb500000,0x00000000eb500000)
  from space 2048K, 93% used [0x00000000eb500000,0x00000000eb6dc6f8,0x00000000eb700000)
  to   space 2048K, 0% used [0x00000000eb700000,0x00000000eb700000,0x00000000eb900000)
 ParOldGen       total 170496K, used 153109K [0x00000000c0000000, 0x00000000ca680000, 0x00000000eab00000)
  object space 170496K, 89% used [0x00000000c0000000,0x00000000c95855f0,0x00000000ca680000)
 Metaspace       used 68611K, committed 69888K, reserved 1114112K
  class space    used 7156K, committed 7744K, reserved 1048576K
}
Event: 26.987 GC heap after
{Heap after GC invocations=471 (full 12):
 PSYoungGen      total 10752K, used 2044K [0x00000000eab00000, 0x00000000ebc00000, 0x0000000100000000)
  eden space 8704K, 0% used [0x00000000eab00000,0x00000000eab00000,0x00000000eb380000)
  from space 2048K, 99% used [0x00000000eb700000,0x00000000eb8ff318,0x00000000eb900000)
  to   space 3584K, 0% used [0x00000000eb380000,0x00000000eb380000,0x00000000eb700000)
 ParOldGen       total 170496K, used 154216K [0x00000000c0000000, 0x00000000ca680000, 0x00000000eab00000)
  object space 170496K, 90% used [0x00000000c0000000,0x00000000c969a068,0x00000000ca680000)
 Metaspace       used 68611K, committed 69888K, reserved 1114112K
  class space    used 7156K, committed 7744K, reserved 1048576K
}
Event: 27.027 GC heap before
{Heap before GC invocations=472 (full 12):
 PSYoungGen      total 10752K, used 10409K [0x00000000eab00000, 0x00000000ebc00000, 0x0000000100000000)
  eden space 8704K, 96% used [0x00000000eab00000,0x00000000eb32b2b0,0x00000000eb380000)
  from space 2048K, 99% used [0x00000000eb700000,0x00000000eb8ff318,0x00000000eb900000)
  to   space 3584K, 0% used [0x00000000eb380000,0x00000000eb380000,0x00000000eb700000)
 ParOldGen       total 170496K, used 154216K [0x00000000c0000000, 0x00000000ca680000, 0x00000000eab00000)
  object space 170496K, 90% used [0x00000000c0000000,0x00000000c969a068,0x00000000ca680000)
 Metaspace       used 68631K, committed 69952K, reserved 1114112K
  class space    used 7156K, committed 7744K, reserved 1048576K
}
Event: 27.031 GC heap after
{Heap after GC invocations=472 (full 12):
 PSYoungGen      total 10752K, used 1613K [0x00000000eab00000, 0x00000000eb880000, 0x0000000100000000)
  eden space 8704K, 0% used [0x00000000eab00000,0x00000000eab00000,0x00000000eb380000)
  from space 2048K, 78% used [0x00000000eb380000,0x00000000eb513660,0x00000000eb580000)
  to   space 2560K, 0% used [0x00000000eb600000,0x00000000eb600000,0x00000000eb880000)
 ParOldGen       total 170496K, used 156243K [0x00000000c0000000, 0x00000000ca680000, 0x00000000eab00000)
  object space 170496K, 91% used [0x00000000c0000000,0x00000000c9894e48,0x00000000ca680000)
 Metaspace       used 68631K, committed 69952K, reserved 1114112K
  class space    used 7156K, committed 7744K, reserved 1048576K
}
Event: 27.071 GC heap before
{Heap before GC invocations=473 (full 12):
 PSYoungGen      total 10752K, used 10317K [0x00000000eab00000, 0x00000000eb880000, 0x0000000100000000)
  eden space 8704K, 100% used [0x00000000eab00000,0x00000000eb380000,0x00000000eb380000)
  from space 2048K, 78% used [0x00000000eb380000,0x00000000eb513660,0x00000000eb580000)
  to   space 2560K, 0% used [0x00000000eb600000,0x00000000eb600000,0x00000000eb880000)
 ParOldGen       total 170496K, used 156243K [0x00000000c0000000, 0x00000000ca680000, 0x00000000eab00000)
  object space 170496K, 91% used [0x00000000c0000000,0x00000000c9894e48,0x00000000ca680000)
 Metaspace       used 68634K, committed 69952K, reserved 1114112K
  class space    used 7156K, committed 7744K, reserved 1048576K
}
Event: 27.073 GC heap after
{Heap after GC invocations=473 (full 12):
 PSYoungGen      total 8192K, used 2559K [0x00000000eab00000, 0x00000000ebe80000, 0x0000000100000000)
  eden space 5632K, 0% used [0x00000000eab00000,0x00000000eab00000,0x00000000eb080000)
  from space 2560K, 99% used [0x00000000eb600000,0x00000000eb87fc18,0x00000000eb880000)
  to   space 5632K, 0% used [0x00000000eb080000,0x00000000eb080000,0x00000000eb600000)
 ParOldGen       total 170496K, used 158485K [0x00000000c0000000, 0x00000000ca680000, 0x00000000eab00000)
  object space 170496K, 92% used [0x00000000c0000000,0x00000000c9ac54e8,0x00000000ca680000)
 Metaspace       used 68634K, committed 69952K, reserved 1114112K
  class space    used 7156K, committed 7744K, reserved 1048576K
}
Event: 27.100 GC heap before
{Heap before GC invocations=474 (full 12):
 PSYoungGen      total 8192K, used 8191K [0x00000000eab00000, 0x00000000ebe80000, 0x0000000100000000)
  eden space 5632K, 100% used [0x00000000eab00000,0x00000000eb080000,0x00000000eb080000)
  from space 2560K, 99% used [0x00000000eb600000,0x00000000eb87fc18,0x00000000eb880000)
  to   space 5632K, 0% used [0x00000000eb080000,0x00000000eb080000,0x00000000eb600000)
 ParOldGen       total 170496K, used 158485K [0x00000000c0000000, 0x00000000ca680000, 0x00000000eab00000)
  object space 170496K, 92% used [0x00000000c0000000,0x00000000c9ac54e8,0x00000000ca680000)
 Metaspace       used 68635K, committed 69952K, reserved 1114112K
  class space    used 7156K, committed 7744K, reserved 1048576K
}
Event: 27.103 GC heap after
{Heap after GC invocations=474 (full 12):
 PSYoungGen      total 8192K, used 2523K [0x00000000eab00000, 0x00000000eb780000, 0x0000000100000000)
  eden space 5632K, 0% used [0x00000000eab00000,0x00000000eab00000,0x00000000eb080000)
  from space 2560K, 98% used [0x00000000eb080000,0x00000000eb2f6c30,0x00000000eb300000)
  to   space 3584K, 0% used [0x00000000eb400000,0x00000000eb400000,0x00000000eb780000)
 ParOldGen       total 170496K, used 161035K [0x00000000c0000000, 0x00000000ca680000, 0x00000000eab00000)
  object space 170496K, 94% used [0x00000000c0000000,0x00000000c9d42d68,0x00000000ca680000)
 Metaspace       used 68635K, committed 69952K, reserved 1114112K
  class space    used 7156K, committed 7744K, reserved 1048576K
}
Event: 27.153 GC heap before
{Heap before GC invocations=475 (full 12):
 PSYoungGen      total 8192K, used 8143K [0x00000000eab00000, 0x00000000eb780000, 0x0000000100000000)
  eden space 5632K, 99% used [0x00000000eab00000,0x00000000eb07d000,0x00000000eb080000)
  from space 2560K, 98% used [0x00000000eb080000,0x00000000eb2f6c30,0x00000000eb300000)
  to   space 3584K, 0% used [0x00000000eb400000,0x00000000eb400000,0x00000000eb780000)
 ParOldGen       total 170496K, used 161035K [0x00000000c0000000, 0x00000000ca680000, 0x00000000eab00000)
  object space 170496K, 94% used [0x00000000c0000000,0x00000000c9d42d68,0x00000000ca680000)
 Metaspace       used 68648K, committed 69952K, reserved 1114112K
  class space    used 7156K, committed 7744K, reserved 1048576K
}
Event: 27.155 GC heap after
{Heap after GC invocations=475 (full 12):
 PSYoungGen      total 8704K, used 3546K [0x00000000eab00000, 0x00000000eb880000, 0x0000000100000000)
  eden space 5120K, 0% used [0x00000000eab00000,0x00000000eab00000,0x00000000eb000000)
  from space 3584K, 98% used [0x00000000eb400000,0x00000000eb776930,0x00000000eb780000)
  to   space 4096K, 0% used [0x00000000eb000000,0x00000000eb000000,0x00000000eb400000)
 ParOldGen       total 170496K, used 161043K [0x00000000c0000000, 0x00000000ca680000, 0x00000000eab00000)
  object space 170496K, 94% used [0x00000000c0000000,0x00000000c9d44d68,0x00000000ca680000)
 Metaspace       used 68648K, committed 69952K, reserved 1114112K
  class space    used 7156K, committed 7744K, reserved 1048576K
}
Event: 27.208 GC heap before
{Heap before GC invocations=476 (full 12):
 PSYoungGen      total 8704K, used 8666K [0x00000000eab00000, 0x00000000eb880000, 0x0000000100000000)
  eden space 5120K, 100% used [0x00000000eab00000,0x00000000eb000000,0x00000000eb000000)
  from space 3584K, 98% used [0x00000000eb400000,0x00000000eb776930,0x00000000eb780000)
  to   space 4096K, 0% used [0x00000000eb000000,0x00000000eb000000,0x00000000eb400000)
 ParOldGen       total 170496K, used 161043K [0x00000000c0000000, 0x00000000ca680000, 0x00000000eab00000)
  object space 170496K, 94% used [0x00000000c0000000,0x00000000c9d44d68,0x00000000ca680000)
 Metaspace       used 68650K, committed 69952K, reserved 1114112K
  class space    used 7156K, committed 7744K, reserved 1048576K
}
Event: 27.211 GC heap after
{Heap after GC invocations=476 (full 12):
 PSYoungGen      total 9216K, used 4086K [0x00000000eab00000, 0x00000000ebd00000, 0x0000000100000000)
  eden space 5120K, 0% used [0x00000000eab00000,0x00000000eab00000,0x00000000eb000000)
  from space 4096K, 99% used [0x00000000eb000000,0x00000000eb3fda70,0x00000000eb400000)
  to   space 6656K, 0% used [0x00000000eb680000,0x00000000eb680000,0x00000000ebd00000)
 ParOldGen       total 170496K, used 163038K [0x00000000c0000000, 0x00000000ca680000, 0x00000000eab00000)
  object space 170496K, 95% used [0x00000000c0000000,0x00000000c9f37b80,0x00000000ca680000)
 Metaspace       used 68650K, committed 69952K, reserved 1114112K
  class space    used 7156K, committed 7744K, reserved 1048576K
}
Event: 27.237 GC heap before
{Heap before GC invocations=477 (full 12):
 PSYoungGen      total 9216K, used 9177K [0x00000000eab00000, 0x00000000ebd00000, 0x0000000100000000)
  eden space 5120K, 99% used [0x00000000eab00000,0x00000000eaff8ae8,0x00000000eb000000)
  from space 4096K, 99% used [0x00000000eb000000,0x00000000eb3fda70,0x00000000eb400000)
  to   space 6656K, 0% used [0x00000000eb680000,0x00000000eb680000,0x00000000ebd00000)
 ParOldGen       total 170496K, used 163038K [0x00000000c0000000, 0x00000000ca680000, 0x00000000eab00000)
  object space 170496K, 95% used [0x00000000c0000000,0x00000000c9f37b80,0x00000000ca680000)
 Metaspace       used 68689K, committed 69952K, reserved 1114112K
  class space    used 7159K, committed 7744K, reserved 1048576K
}
Event: 27.241 GC heap after
{Heap after GC invocations=477 (full 12):
 PSYoungGen      total 7168K, used 1691K [0x00000000eab00000, 0x00000000eb880000, 0x0000000100000000)
  eden space 5120K, 0% used [0x00000000eab00000,0x00000000eab00000,0x00000000eb000000)
  from space 2048K, 82% used [0x00000000eb680000,0x00000000eb826c68,0x00000000eb880000)
  to   space 3584K, 0% used [0x00000000eb180000,0x00000000eb180000,0x00000000eb500000)
 ParOldGen       total 170496K, used 164489K [0x00000000c0000000, 0x00000000ca680000, 0x00000000eab00000)
  object space 170496K, 96% used [0x00000000c0000000,0x00000000ca0a25d8,0x00000000ca680000)
 Metaspace       used 68689K, committed 69952K, reserved 1114112K
  class space    used 7159K, committed 7744K, reserved 1048576K
}
Event: 27.277 GC heap before
{Heap before GC invocations=478 (full 12):
 PSYoungGen      total 7168K, used 6811K [0x00000000eab00000, 0x00000000eb880000, 0x0000000100000000)
  eden space 5120K, 100% used [0x00000000eab00000,0x00000000eb000000,0x00000000eb000000)
  from space 2048K, 82% used [0x00000000eb680000,0x00000000eb826c68,0x00000000eb880000)
  to   space 3584K, 0% used [0x00000000eb180000,0x00000000eb180000,0x00000000eb500000)
 ParOldGen       total 170496K, used 164489K [0x00000000c0000000, 0x00000000ca680000, 0x00000000eab00000)
  object space 170496K, 96% used [0x00000000c0000000,0x00000000ca0a25d8,0x00000000ca680000)
 Metaspace       used 68711K, committed 69952K, reserved 1114112K
  class space    used 7159K, committed 7744K, reserved 1048576K
}
Event: 27.279 GC heap after
{Heap after GC invocations=478 (full 12):
 PSYoungGen      total 8192K, used 2713K [0x00000000eab00000, 0x00000000eb700000, 0x0000000100000000)
  eden space 5120K, 0% used [0x00000000eab00000,0x00000000eab00000,0x00000000eb000000)
  from space 3072K, 88% used [0x00000000eb180000,0x00000000eb426740,0x00000000eb480000)
  to   space 2560K, 0% used [0x00000000eb480000,0x00000000eb480000,0x00000000eb700000)
 ParOldGen       total 170496K, used 164497K [0x00000000c0000000, 0x00000000ca680000, 0x00000000eab00000)
  object space 170496K, 96% used [0x00000000c0000000,0x00000000ca0a45d8,0x00000000ca680000)
 Metaspace       used 68711K, committed 69952K, reserved 1114112K
  class space    used 7159K, committed 7744K, reserved 1048576K
}

